#
# A fatal error has been detected by the Java Runtime Environment:
#
#  EXCEPTION_ACCESS_VIOLATION (0xc0000005) at pc=0x000000005eea8845, pid=4964, tid=8652
#
# JRE version: Java(TM) SE Runtime Environment (8.0_60-b27) (build 1.8.0_60-b27)
# Java VM: Java HotSpot(TM) 64-Bit Server VM (25.60-b23 mixed mode windows-amd64 compressed oops)
# Problematic frame:
# V  [jvm.dll+0x128845]
#
# Failed to write core dump. Minidumps are not enabled by default on client versions of Windows
#
# If you would like to submit a bug report, please visit:
#   http://bugreport.java.com/bugreport/crash.jsp
#

---------------  T H R E A D  ---------------

Current thread (0x000000001467e800):  JavaThread "JDWP Transport Listener: dt_socket" daemon [_thread_in_vm, id=8652, stack(0x00000000156b0000,0x00000000157b0000)]

siginfo: ExceptionCode=0xc0000005, reading address 0xffffffffffffffff

Registers:
RAX=0x00000000157af801, RBX=0x000000001467e800, RCX=0x624f6e6900000008, RDX=0x0000000000000000
RSP=0x00000000157af830, RBP=0x624f6e6900000008, RSI=0x00000000157af948, RDI=0x00000000020c9e60
R8 =0x000000001467e800, R9 =0x0000000000000000, R10=0x0000000000000000, R11=0x0000000000000064
R12=0x0000000000000000, R13=0x0000000014688a18, R14=0x0000000000000000, R15=0x0000000000000000
RIP=0x000000005eea8845, EFLAGS=0x0000000000010202

Top of Stack: (sp=0x00000000157af830)
0x00000000157af830:   000000001467e800 000000001467e800
0x00000000157af840:   00000000157af8f8 000000005f0ae18b
0x00000000157af850:   000000001467e800 000000005f0ca9ed
0x00000000157af860:   0000000000000000 000000005ecb9155
0x00000000157af870:   000000001471b7b8 000000005ecc291e
0x00000000157af880:   000000001467e800 0000000000000000
0x00000000157af890:   0000000000000000 0000000000000000
0x00000000157af8a0:   624f6e6900000008 000000005ecc1a15
0x00000000157af8b0:   00000000157af948 00000000157af920
0x00000000157af8c0:   0000000000000001 000000001471b7b8
0x00000000157af8d0:   624f6e6900000008 000000005eca53b3
0x00000000157af8e0:   00000000157afa10 0000000000000001
0x00000000157af8f0:   0000000000000001 000000001471b7b8
0x00000000157af900:   0000000000000009 0000000000000000
0x00000000157af910:   0000000000000000 0000000000000000
0x00000000157af920:   0000000000000001 000000005eca5571 

Instructions: (pc=0x000000005eea8845)
0x000000005eea8825:   cc cc cc cc cc cc cc cc cc cc cc 48 83 ec 28 48
0x000000005eea8835:   85 c9 75 07 33 c0 48 83 c4 28 c3 48 89 5c 24 20
0x000000005eea8845:   48 8b 19 48 85 db 74 20 48 83 fb 37 74 1a 48 8b
0x000000005eea8855:   13 48 8b cb ff 52 10 84 c0 74 0d 48 8b c3 48 8b 


Register to memory mapping:

RAX=0x00000000157af801 is pointing into the stack for thread: 0x000000001467e800
RBX=0x000000001467e800 is a thread
RCX=0x624f6e6900000008 is an unknown value
RDX=0x0000000000000000 is an unknown value
RSP=0x00000000157af830 is pointing into the stack for thread: 0x000000001467e800
RBP=0x624f6e6900000008 is an unknown value
RSI=0x00000000157af948 is pointing into the stack for thread: 0x000000001467e800
RDI=0x00000000020c9e60 is an unknown value
R8 =0x000000001467e800 is a thread
R9 =0x0000000000000000 is an unknown value
R10=0x0000000000000000 is an unknown value
R11=0x0000000000000064 is an unknown value
R12=0x0000000000000000 is an unknown value
R13=0x0000000014688a18 is an unknown value
R14=0x0000000000000000 is an unknown value
R15=0x0000000000000000 is an unknown value


Stack: [0x00000000156b0000,0x00000000157b0000],  sp=0x00000000157af830,  free space=1022k
Native frames: (J=compiled Java code, j=interpreted, Vv=VM code, C=native code)
V  [jvm.dll+0x128845]
V  [jvm.dll+0x34a9ed]
C  [jdwp.dll+0x21a15]
C  [jdwp.dll+0x53b3]
C  [jdwp.dll+0x5571]
C  [jdwp.dll+0xf0a8]
C  [jdwp.dll+0x1f2d5]
C  [jdwp.dll+0x1f4aa]
V  [jvm.dll+0x1bb8e8]
V  [jvm.dll+0x243134]
V  [jvm.dll+0x299f6a]
C  [msvcr100.dll+0x21d9f]
C  [msvcr100.dll+0x21e3b]
C  [KERNEL32.DLL+0x12d92]
C  [ntdll.dll+0x9f64]


---------------  P R O C E S S  ---------------

Java Threads: ( => current thread )
  0x0000000014717000 JavaThread "Service Thread" daemon [_thread_blocked, id=2472, stack(0x0000000015bb0000,0x0000000015cb0000)]
  0x00000000146a4800 JavaThread "C1 CompilerThread1" daemon [_thread_blocked, id=8816, stack(0x0000000015ab0000,0x0000000015bb0000)]
  0x00000000146aa800 JavaThread "C2 CompilerThread0" daemon [_thread_blocked, id=3568, stack(0x00000000159b0000,0x0000000015ab0000)]
  0x000000001468f000 JavaThread "JDWP Command Reader" daemon [_thread_in_native, id=7468, stack(0x00000000158b0000,0x00000000159b0000)]
  0x000000001468a800 JavaThread "JDWP Event Helper Thread" daemon [_thread_blocked, id=8240, stack(0x00000000157b0000,0x00000000158b0000)]
=>0x000000001467e800 JavaThread "JDWP Transport Listener: dt_socket" daemon [_thread_in_vm, id=8652, stack(0x00000000156b0000,0x00000000157b0000)]
  0x000000001467a800 JavaThread "Attach Listener" daemon [_thread_blocked, id=7164, stack(0x00000000155b0000,0x00000000156b0000)]
  0x0000000014677800 JavaThread "Signal Dispatcher" daemon [_thread_blocked, id=8744, stack(0x00000000154b0000,0x00000000155b0000)]
  0x00000000022c4800 JavaThread "Finalizer" daemon [_thread_blocked, id=6776, stack(0x00000000152d0000,0x00000000153d0000)]
  0x00000000022bc000 JavaThread "Reference Handler" daemon [_thread_blocked, id=1812, stack(0x00000000151d0000,0x00000000152d0000)]
  0x00000000021d2800 JavaThread "main" [_thread_blocked, id=2700, stack(0x00000000020d0000,0x00000000021d0000)]

Other Threads:
  0x0000000014645800 VMThread [stack: 0x00000000150d0000,0x00000000151d0000] [id=7160]
  0x000000001471e000 WatcherThread [stack: 0x00000000160b0000,0x00000000161b0000] [id=6544]

VM state:not at safepoint (normal execution)

VM Mutex/Monitor currently owned by a thread: None

Heap:
 PSYoungGen      total 18944K, used 1974K [0x00000000eb300000, 0x00000000ec800000, 0x0000000100000000)
  eden space 16384K, 12% used [0x00000000eb300000,0x00000000eb4ed9b8,0x00000000ec300000)
  from space 2560K, 0% used [0x00000000ec580000,0x00000000ec580000,0x00000000ec800000)
  to   space 2560K, 0% used [0x00000000ec300000,0x00000000ec300000,0x00000000ec580000)
 ParOldGen       total 44032K, used 0K [0x00000000c1800000, 0x00000000c4300000, 0x00000000eb300000)
  object space 44032K, 0% used [0x00000000c1800000,0x00000000c1800000,0x00000000c4300000)
 Metaspace       used 3504K, capacity 4602K, committed 4864K, reserved 1056768K
  class space    used 398K, capacity 426K, committed 512K, reserved 1048576K

Card table byte_map: [0x0000000011690000,0x0000000011890000] byte_map_base: 0x0000000011084000

Marking Bits: (ParMarkBitMap*) 0x000000005f58a5b0
 Begin Bits: [0x0000000011be0000, 0x0000000012b80000)
 End Bits:   [0x0000000012b80000, 0x0000000013b20000)

Polling page: 0x0000000001fd0000

CodeCache: size=245760Kb used=1225Kb max_used=1236Kb free=244534Kb
 bounds [0x00000000022d0000, 0x0000000002540000, 0x00000000112d0000]
 total_blobs=324 nmethods=91 adapters=156
 compilation: enabled

Compilation events (10 events):
Event: 1.179 Thread 0x00000000146a4800   87       3       java.util.HashMap::getNode (148 bytes)
Event: 1.180 Thread 0x00000000146a4800 nmethod 87 0x0000000002400a10 code [0x0000000002400be0, 0x00000000024015a8]
Event: 1.180 Thread 0x00000000146a4800   88       3       java.lang.Character::isBmpCodePoint (13 bytes)
Event: 1.180 Thread 0x00000000146a4800 nmethod 88 0x00000000024018d0 code [0x0000000002401a20, 0x0000000002401bb0]
Event: 1.180 Thread 0x00000000146a4800   89       3       java.util.regex.Pattern::next (33 bytes)
Event: 1.180 Thread 0x00000000146a4800 nmethod 89 0x0000000002401c10 code [0x0000000002401d80, 0x0000000002402048]
Event: 1.180 Thread 0x00000000146a4800   90       1       java.util.regex.Pattern::flags (5 bytes)
Event: 1.180 Thread 0x00000000146a4800 nmethod 90 0x0000000002402190 code [0x00000000024022e0, 0x00000000024023f0]
Event: 4.248 Thread 0x00000000146aa800   91       4       java.lang.AbstractStringBuilder::ensureCapacityInternal (16 bytes)
Event: 4.265 Thread 0x00000000146aa800 nmethod 91 0x00000000024052d0 code [0x0000000002405420, 0x00000000024056b8]

GC Heap History (0 events):
No events

Deoptimization events (0 events):
No events

Internal exceptions (6 events):
Event: 0.295 Thread 0x00000000021d2800 Exception <a 'java/lang/NoSuchMethodError': Method sun.misc.Unsafe.defineClass(Ljava/lang/String;[BII)Ljava/lang/Class; name or signature does not match> (0x00000000eb30df18) thrown at [C:\re\workspace\8-2-build-windows-amd64-cygwin\jdk8u60\4407\hotspot\sr2Z†þãéÒ?
Event: 0.296 Thread 0x00000000021d2800 Exception <a 'java/lang/NoSuchMethodError': Method sun.misc.Unsafe.prefetchRead(Ljava/lang/Object;J)V name or signature does not match> (0x00000000eb30e200) thrown at [C:\re\workspace\8-2-build-windows-amd64-cygwin\jdk8u60\4407\hotspot\src\share\vm\prims\j	ö/*¥€ñ?
Event: 1.094 Thread 0x00000000021d2800 Exception <a 'java/security/PrivilegedActionException'> (0x00000000eb4b7060) thrown at [C:\re\workspace\8-2-build-windows-amd64-cygwin\jdk8u60\4407\hotspot\src\share\vm\prims\jvm.cpp, line 1386]
Event: 1.094 Thread 0x00000000021d2800 Exception <a 'java/security/PrivilegedActionException'> (0x00000000eb4b7458) thrown at [C:\re\workspace\8-2-build-windows-amd64-cygwin\jdk8u60\4407\hotspot\src\share\vm\prims\jvm.cpp, line 1386]
Event: 1.095 Thread 0x00000000021d2800 Exception <a 'java/security/PrivilegedActionException'> (0x00000000eb4bb488) thrown at [C:\re\workspace\8-2-build-windows-amd64-cygwin\jdk8u60\4407\hotspot\src\share\vm\prims\jvm.cpp, line 1386]
Event: 1.095 Thread 0x00000000021d2800 Exception <a 'java/security/PrivilegedActionException'> (0x00000000eb4bb880) thrown at [C:\re\workspace\8-2-build-windows-amd64-cygwin\jdk8u60\4407\hotspot\src\share\vm\prims\jvm.cpp, line 1386]

Events (10 events):
Event: 381.287 Executing VM operation: ChangeBreakpoints
Event: 381.287 Executing VM operation: ChangeBreakpoints done
Event: 381.346 Executing VM operation: ChangeBreakpoints
Event: 381.346 Executing VM operation: ChangeBreakpoints done
Event: 23389.792 Executing VM operation: ChangeBreakpoints
Event: 23389.793 Executing VM operation: ChangeBreakpoints done
Event: 23389.794 Executing VM operation: ChangeBreakpoints
Event: 23389.794 Executing VM operation: ChangeBreakpoints done
Event: 23389.800 Executing VM operation: RedefineClasses
Event: 23389.804 Executing VM operation: RedefineClasses done


Dynamic libraries:
0x00007ff62bb40000 - 0x00007ff62bb77000 	C:\Program Files\Java\jdk1.8.0_60\bin\java.exe
0x00007ffbf4c90000 - 0x00007ffbf4e51000 	C:\Windows\SYSTEM32\ntdll.dll
0x00007ffbf4b80000 - 0x00007ffbf4c2d000 	C:\Windows\system32\KERNEL32.DLL
0x00007ffbf2180000 - 0x00007ffbf235d000 	C:\Windows\system32\KERNELBASE.dll
0x00007ffbf2bb0000 - 0x00007ffbf2c56000 	C:\Windows\system32\ADVAPI32.dll
0x00007ffbf2620000 - 0x00007ffbf26bd000 	C:\Windows\system32\msvcrt.dll
0x00007ffbf2cc0000 - 0x00007ffbf2d1b000 	C:\Windows\system32\sechost.dll
0x00007ffbf29c0000 - 0x00007ffbf2ae6000 	C:\Windows\system32\RPCRT4.dll
0x00007ffbf2370000 - 0x00007ffbf24be000 	C:\Windows\system32\USER32.dll
0x00007ffbf26c0000 - 0x00007ffbf2846000 	C:\Windows\system32\GDI32.dll
0x00007ffbe7ae0000 - 0x00007ffbe7d54000 	C:\Windows\WinSxS\amd64_microsoft.windows.common-controls_6595b64144ccf1df_6.0.10240.16384_none_f41f7b285750ef43\COMCTL32.dll
0x00007ffbf2c60000 - 0x00007ffbf2c96000 	C:\Windows\system32\IMM32.DLL
0x00007ffbf24c0000 - 0x00007ffbf261c000 	C:\Windows\system32\MSCTF.dll
0x000000005f610000 - 0x000000005f6e2000 	C:\Program Files\Java\jdk1.8.0_60\jre\bin\msvcr100.dll
0x000000005ed80000 - 0x000000005f609000 	C:\Program Files\Java\jdk1.8.0_60\jre\bin\server\jvm.dll
0x00007ffbf2360000 - 0x00007ffbf2368000 	C:\Windows\system32\PSAPI.DLL
0x00007ffbefdf0000 - 0x00007ffbefdf9000 	C:\Windows\SYSTEM32\WSOCK32.dll
0x00007ffbf4ab0000 - 0x00007ffbf4b19000 	C:\Windows\system32\WS2_32.dll
0x00007ffbf2850000 - 0x00007ffbf2858000 	C:\Windows\system32\NSI.dll
0x00007ffbefce0000 - 0x00007ffbefd03000 	C:\Windows\SYSTEM32\WINMM.dll
0x00007ffbe6380000 - 0x00007ffbe638a000 	C:\Windows\SYSTEM32\VERSION.dll
0x00007ffbefcb0000 - 0x00007ffbefcdc000 	C:\Windows\SYSTEM32\WINMMBASE.dll
0x00007ffbf1d90000 - 0x00007ffbf1dd4000 	C:\Windows\system32\cfgmgr32.dll
0x00007ffbf0030000 - 0x00007ffbf0057000 	C:\Windows\SYSTEM32\DEVOBJ.dll
0x000000005fae0000 - 0x000000005faef000 	C:\Program Files\Java\jdk1.8.0_60\jre\bin\verify.dll
0x000000005ed50000 - 0x000000005ed79000 	C:\Program Files\Java\jdk1.8.0_60\jre\bin\java.dll
0x000000005eca0000 - 0x000000005ecd5000 	C:\Program Files\Java\jdk1.8.0_60\jre\bin\jdwp.dll
0x000000005ec90000 - 0x000000005ec98000 	C:\Program Files\Java\jdk1.8.0_60\jre\bin\npt.dll
0x000000005ed30000 - 0x000000005ed46000 	C:\Program Files\Java\jdk1.8.0_60\jre\bin\zip.dll
0x00007ffbf2d20000 - 0x00007ffbf4242000 	C:\Windows\system32\SHELL32.dll
0x00007ffbf1760000 - 0x00007ffbf1d88000 	C:\Windows\system32\windows.storage.dll
0x00007ffbf4830000 - 0x00007ffbf4aac000 	C:\Windows\system32\combase.dll
0x00007ffbf4c30000 - 0x00007ffbf4c81000 	C:\Windows\system32\shlwapi.dll
0x00007ffbf1730000 - 0x00007ffbf173f000 	C:\Windows\system32\kernel.appcore.dll
0x00007ffbf1de0000 - 0x00007ffbf1e93000 	C:\Windows\system32\shcore.dll
0x00007ffbf16e0000 - 0x00007ffbf172a000 	C:\Windows\system32\powrprof.dll
0x00007ffbf16c0000 - 0x00007ffbf16d3000 	C:\Windows\system32\profapi.dll
0x000000005ed20000 - 0x000000005ed29000 	C:\Program Files\Java\jdk1.8.0_60\jre\bin\dt_socket.dll
0x00007ffbf0f30000 - 0x00007ffbf0f8d000 	C:\Windows\system32\mswsock.dll
0x00007ffbee1d0000 - 0x00007ffbee35a000 	C:\Windows\SYSTEM32\dbghelp.dll

VM Arguments:
jvm_args: -agentlib:jdwp=transport=dt_socket,address=127.0.0.1:63173,suspend=y,server=n -Dfile.encoding=windows-1252 
java_command: Problem1_DragonSharp.DragonSharp
java_class_path (initial): C:\Program Files\Java\jdk1.8.0_60\jre\lib\charsets.jar;C:\Program Files\Java\jdk1.8.0_60\jre\lib\deploy.jar;C:\Program Files\Java\jdk1.8.0_60\jre\lib\javaws.jar;C:\Program Files\Java\jdk1.8.0_60\jre\lib\jce.jar;C:\Program Files\Java\jdk1.8.0_60\jre\lib\jfr.jar;C:\Program Files\Java\jdk1.8.0_60\jre\lib\jfxswt.jar;C:\Program Files\Java\jdk1.8.0_60\jre\lib\jsse.jar;C:\Program Files\Java\jdk1.8.0_60\jre\lib\management-agent.jar;C:\Program Files\Java\jdk1.8.0_60\jre\lib\plugin.jar;C:\Program Files\Java\jdk1.8.0_60\jre\lib\resources.jar;C:\Program Files\Java\jdk1.8.0_60\jre\lib\rt.jar;C:\Program Files\Java\jdk1.8.0_60\jre\lib\ext\access-bridge-64.jar;C:\Program Files\Java\jdk1.8.0_60\jre\lib\ext\cldrdata.jar;C:\Program Files\Java\jdk1.8.0_60\jre\lib\ext\dnsns.jar;C:\Program Files\Java\jdk1.8.0_60\jre\lib\ext\jaccess.jar;C:\Program Files\Java\jdk1.8.0_60\jre\lib\ext\jfxrt.jar;C:\Program Files\Java\jdk1.8.0_60\jre\lib\ext\localedata.jar;C:\Program Files\Java\jdk1.8.0_60\jre\lib\ext\nashorn.jar;C:\Program Files\Java\jdk1.8.0_60\jre\lib\ext\sunec.jar;C:\Program Files\Java\jdk1.8.0_60\jre\lib\ext\sunjce_provider.jar;C:\Program Files\Java\jdk1.8.0_60\jre\lib\ext\sunmscapi.jar;C:\Program Files\Java\jdk1.8.0_60\jre\lib\ext\sunpkcs11.jar;C:\Program Files\Java\jdk1.8.0_60\jre\lib\ext\zipfs.jar;E:\SoftUni\1.Fundamental Level\Java Fundamentals\Exam\Java Fundamentals - 4 October 2015\out\production\Java Fundamentals - 4 October 2015;C:\Program Files (x86)\JetBrains\IntelliJ IDEA Community Edition 14.1.5\lib\idea_rt.jar
Launcher Type: SUN_STANDARD

Environment Variables:
PATH=C:\Program Files\Java\jdk1.8.0_60\bin;C:\ProgramData\Oracle\Java\javapath;C:\Windows\system32;C:\Windows;C:\Windows\System32\Wbem;C:\Windows\System32\WindowsPowerShell\v1.0\;C:\Program Files (x86)\Common Files\lenovo\easyplussdk\bin;C:\Windows\system32\config\systemprofile\.dnx\bin;C:\Program Files\Microsoft DNX\Dnvm\;C:\Program Files (x86)\Skype\Phone\;C:\Program Files\TortoiseGit\bin;C:\Program Files\TortoiseSVN\bin;C:\Users\Hristiyan Bratoev\.dnx\bin
USERNAME=Hristiyan Bratoev
OS=Windows_NT
PROCESSOR_IDENTIFIER=Intel64 Family 6 Model 23 Stepping 10, GenuineIntel



---------------  S Y S T E M  ---------------

OS: Windows 10.0 , 64 bit Build 10240 (10.0.10240.16384)

CPU:total 2 (2 cores per cpu, 1 threads per core) family 6 model 23 stepping 10, cmov, cx8, fxsr, mmx, sse, sse2, sse3, ssse3, sse4.1, tsc

Memory: 4k page, physical 4087832k(648884k free), swap 6754428k(2021236k free)

vm_info: Java HotSpot(TM) 64-Bit Server VM (25.60-b23) for windows-amd64 JRE (1.8.0_60-b27), built on Aug  4 2015 11:06:27 by "java_re" with MS VC++ 10.0 (VS2010)

time: Fri Nov 06 17:58:18 2015
elapsed time: 23389 seconds (0d 6h 29m 49s)

